<?xml version="1.0" encoding="UTF-8" standalone="yes"?><!DOCTYPE report PUBLIC "-//JACOCO//DTD Report 1.1//EN" "report.dtd"><report name="playwright-demo"><sessioninfo id="kubuntu-mbpro161-2e2cef98" start="1765306880814" dump="1765306885187"/><sessioninfo id="kubuntu-mbpro161-c7818ac5" start="1765307599716" dump="1765307637189"/><sessioninfo id="Izzys-MacBook-Pro.local-4e6a446e" start="1767916811306" dump="1767916880340"/><sessioninfo id="Izzys-MacBook-Pro.local-34c1a995" start="1767917683814" dump="1767917742483"/><sessioninfo id="Izzys-MacBook-Pro.local-4d98f6ef" start="1767917769177" dump="1767917796823"/><package name="com/playwrightdemo"><class name="com/playwrightdemo/App" sourcefilename="App.java"><method name="&lt;init&gt;" desc="()V" line="8"><counter type="INSTRUCTION" missed="3" covered="0"/><counter type="LINE" missed="1" covered="0"/><counter type="COMPLEXITY" missed="1" covered="0"/><counter type="METHOD" missed="1" covered="0"/></method><method name="main" desc="([Ljava/lang/String;)V" line="12"><counter type="INSTRUCTION" missed="2556" covered="0"/><counter type="LINE" missed="338" covered="0"/><counter type="COMPLEXITY" missed="1" covered="0"/><counter type="METHOD" missed="1" covered="0"/></method><counter type="INSTRUCTION" missed="2559" covered="0"/><counter type="LINE" missed="339" covered="0"/><counter type="COMPLEXITY" missed="2" covered="0"/><counter type="METHOD" missed="2" covered="0"/><counter type="CLASS" missed="1" covered="0"/></class><sourcefile name="App.java"><line nr="8" mi="3" ci="0" mb="0" cb="0"/><line nr="12" mi="3" ci="0" mb="0" cb="0"/><line nr="14" mi="4" ci="0" mb="0" cb="0"/><line nr="15" mi="4" ci="0" mb="0" cb="0"/><line nr="16" mi="4" ci="0" mb="0" cb="0"/><line nr="17" mi="4" ci="0" mb="0" cb="0"/><line nr="18" mi="4" ci="0" mb="0" cb="0"/><line nr="19" mi="4" ci="0" mb="0" cb="0"/><line nr="22" mi="4" ci="0" mb="0" cb="0"/><line nr="23" mi="4" ci="0" mb="0" cb="0"/><line nr="24" mi="4" ci="0" mb="0" cb="0"/><line nr="25" mi="4" ci="0" mb="0" cb="0"/><line nr="26" mi="4" ci="0" mb="0" cb="0"/><line nr="27" mi="4" ci="0" mb="0" cb="0"/><line nr="28" mi="4" ci="0" mb="0" cb="0"/><line nr="31" mi="3" ci="0" mb="0" cb="0"/><line nr="33" mi="15" ci="0" mb="0" cb="0"/><line nr="34" mi="2" ci="0" mb="0" cb="0"/><line nr="35" mi="2" ci="0" mb="0" cb="0"/><line nr="36" mi="2" ci="0" mb="0" cb="0"/><line nr="37" mi="8" ci="0" mb="0" cb="0"/><line nr="38" mi="24" ci="0" mb="0" cb="0"/><line nr="39" mi="2" ci="0" mb="0" cb="0"/><line nr="40" mi="2" ci="0" mb="0" cb="0"/><line nr="41" mi="2" ci="0" mb="0" cb="0"/><line nr="42" mi="8" ci="0" mb="0" cb="0"/><line nr="43" mi="19" ci="0" mb="0" cb="0"/><line nr="45" mi="2" ci="0" mb="0" cb="0"/><line nr="46" mi="2" ci="0" mb="0" cb="0"/><line nr="47" mi="2" ci="0" mb="0" cb="0"/><line nr="48" mi="8" ci="0" mb="0" cb="0"/><line nr="49" mi="25" ci="0" mb="0" cb="0"/><line nr="51" mi="2" ci="0" mb="0" cb="0"/><line nr="52" mi="2" ci="0" mb="0" cb="0"/><line nr="53" mi="2" ci="0" mb="0" cb="0"/><line nr="54" mi="8" ci="0" mb="0" cb="0"/><line nr="55" mi="25" ci="0" mb="0" cb="0"/><line nr="57" mi="2" ci="0" mb="0" cb="0"/><line nr="58" mi="2" ci="0" mb="0" cb="0"/><line nr="59" mi="2" ci="0" mb="0" cb="0"/><line nr="60" mi="8" ci="0" mb="0" cb="0"/><line nr="61" mi="25" ci="0" mb="0" cb="0"/><line nr="63" mi="2" ci="0" mb="0" cb="0"/><line nr="64" mi="2" ci="0" mb="0" cb="0"/><line nr="65" mi="2" ci="0" mb="0" cb="0"/><line nr="66" mi="8" ci="0" mb="0" cb="0"/><line nr="67" mi="25" ci="0" mb="0" cb="0"/><line nr="70" mi="3" ci="0" mb="0" cb="0"/><line nr="72" mi="15" ci="0" mb="0" cb="0"/><line nr="73" mi="2" ci="0" mb="0" cb="0"/><line nr="74" mi="2" ci="0" mb="0" cb="0"/><line nr="75" mi="2" ci="0" mb="0" cb="0"/><line nr="76" mi="8" ci="0" mb="0" cb="0"/><line nr="77" mi="24" ci="0" mb="0" cb="0"/><line nr="78" mi="2" ci="0" mb="0" cb="0"/><line nr="79" mi="2" ci="0" mb="0" cb="0"/><line nr="80" mi="2" ci="0" mb="0" cb="0"/><line nr="81" mi="8" ci="0" mb="0" cb="0"/><line nr="82" mi="19" ci="0" mb="0" cb="0"/><line nr="84" mi="2" ci="0" mb="0" cb="0"/><line nr="85" mi="2" ci="0" mb="0" cb="0"/><line nr="86" mi="2" ci="0" mb="0" cb="0"/><line nr="87" mi="8" ci="0" mb="0" cb="0"/><line nr="88" mi="25" ci="0" mb="0" cb="0"/><line nr="90" mi="2" ci="0" mb="0" cb="0"/><line nr="91" mi="2" ci="0" mb="0" cb="0"/><line nr="92" mi="2" ci="0" mb="0" cb="0"/><line nr="93" mi="8" ci="0" mb="0" cb="0"/><line nr="94" mi="25" ci="0" mb="0" cb="0"/><line nr="96" mi="2" ci="0" mb="0" cb="0"/><line nr="97" mi="2" ci="0" mb="0" cb="0"/><line nr="98" mi="2" ci="0" mb="0" cb="0"/><line nr="99" mi="8" ci="0" mb="0" cb="0"/><line nr="100" mi="25" ci="0" mb="0" cb="0"/><line nr="102" mi="2" ci="0" mb="0" cb="0"/><line nr="103" mi="2" ci="0" mb="0" cb="0"/><line nr="104" mi="2" ci="0" mb="0" cb="0"/><line nr="105" mi="8" ci="0" mb="0" cb="0"/><line nr="106" mi="25" ci="0" mb="0" cb="0"/><line nr="109" mi="3" ci="0" mb="0" cb="0"/><line nr="111" mi="15" ci="0" mb="0" cb="0"/><line nr="112" mi="2" ci="0" mb="0" cb="0"/><line nr="113" mi="2" ci="0" mb="0" cb="0"/><line nr="114" mi="2" ci="0" mb="0" cb="0"/><line nr="115" mi="8" ci="0" mb="0" cb="0"/><line nr="116" mi="24" ci="0" mb="0" cb="0"/><line nr="117" mi="2" ci="0" mb="0" cb="0"/><line nr="118" mi="2" ci="0" mb="0" cb="0"/><line nr="119" mi="2" ci="0" mb="0" cb="0"/><line nr="120" mi="8" ci="0" mb="0" cb="0"/><line nr="121" mi="19" ci="0" mb="0" cb="0"/><line nr="123" mi="2" ci="0" mb="0" cb="0"/><line nr="124" mi="2" ci="0" mb="0" cb="0"/><line nr="125" mi="2" ci="0" mb="0" cb="0"/><line nr="126" mi="8" ci="0" mb="0" cb="0"/><line nr="127" mi="25" ci="0" mb="0" cb="0"/><line nr="129" mi="2" ci="0" mb="0" cb="0"/><line nr="130" mi="2" ci="0" mb="0" cb="0"/><line nr="131" mi="2" ci="0" mb="0" cb="0"/><line nr="132" mi="8" ci="0" mb="0" cb="0"/><line nr="133" mi="25" ci="0" mb="0" cb="0"/><line nr="135" mi="2" ci="0" mb="0" cb="0"/><line nr="136" mi="2" ci="0" mb="0" cb="0"/><line nr="137" mi="2" ci="0" mb="0" cb="0"/><line nr="138" mi="8" ci="0" mb="0" cb="0"/><line nr="139" mi="25" ci="0" mb="0" cb="0"/><line nr="141" mi="2" ci="0" mb="0" cb="0"/><line nr="142" mi="2" ci="0" mb="0" cb="0"/><line nr="143" mi="2" ci="0" mb="0" cb="0"/><line nr="144" mi="8" ci="0" mb="0" cb="0"/><line nr="145" mi="25" ci="0" mb="0" cb="0"/><line nr="149" mi="3" ci="0" mb="0" cb="0"/><line nr="151" mi="15" ci="0" mb="0" cb="0"/><line nr="152" mi="2" ci="0" mb="0" cb="0"/><line nr="153" mi="2" ci="0" mb="0" cb="0"/><line nr="154" mi="2" ci="0" mb="0" cb="0"/><line nr="155" mi="8" ci="0" mb="0" cb="0"/><line nr="156" mi="24" ci="0" mb="0" cb="0"/><line nr="157" mi="2" ci="0" mb="0" cb="0"/><line nr="158" mi="2" ci="0" mb="0" cb="0"/><line nr="159" mi="2" ci="0" mb="0" cb="0"/><line nr="160" mi="8" ci="0" mb="0" cb="0"/><line nr="161" mi="25" ci="0" mb="0" cb="0"/><line nr="163" mi="2" ci="0" mb="0" cb="0"/><line nr="164" mi="2" ci="0" mb="0" cb="0"/><line nr="165" mi="2" ci="0" mb="0" cb="0"/><line nr="166" mi="8" ci="0" mb="0" cb="0"/><line nr="167" mi="25" ci="0" mb="0" cb="0"/><line nr="169" mi="2" ci="0" mb="0" cb="0"/><line nr="170" mi="2" ci="0" mb="0" cb="0"/><line nr="171" mi="2" ci="0" mb="0" cb="0"/><line nr="172" mi="8" ci="0" mb="0" cb="0"/><line nr="173" mi="25" ci="0" mb="0" cb="0"/><line nr="175" mi="2" ci="0" mb="0" cb="0"/><line nr="176" mi="2" ci="0" mb="0" cb="0"/><line nr="177" mi="2" ci="0" mb="0" cb="0"/><line nr="178" mi="8" ci="0" mb="0" cb="0"/><line nr="179" mi="25" ci="0" mb="0" cb="0"/><line nr="181" mi="2" ci="0" mb="0" cb="0"/><line nr="182" mi="2" ci="0" mb="0" cb="0"/><line nr="183" mi="2" ci="0" mb="0" cb="0"/><line nr="184" mi="8" ci="0" mb="0" cb="0"/><line nr="185" mi="25" ci="0" mb="0" cb="0"/><line nr="188" mi="3" ci="0" mb="0" cb="0"/><line nr="190" mi="15" ci="0" mb="0" cb="0"/><line nr="191" mi="2" ci="0" mb="0" cb="0"/><line nr="192" mi="2" ci="0" mb="0" cb="0"/><line nr="193" mi="2" ci="0" mb="0" cb="0"/><line nr="194" mi="8" ci="0" mb="0" cb="0"/><line nr="195" mi="24" ci="0" mb="0" cb="0"/><line nr="196" mi="2" ci="0" mb="0" cb="0"/><line nr="197" mi="2" ci="0" mb="0" cb="0"/><line nr="198" mi="2" ci="0" mb="0" cb="0"/><line nr="199" mi="8" ci="0" mb="0" cb="0"/><line nr="200" mi="25" ci="0" mb="0" cb="0"/><line nr="202" mi="2" ci="0" mb="0" cb="0"/><line nr="203" mi="2" ci="0" mb="0" cb="0"/><line nr="204" mi="2" ci="0" mb="0" cb="0"/><line nr="205" mi="8" ci="0" mb="0" cb="0"/><line nr="206" mi="25" ci="0" mb="0" cb="0"/><line nr="208" mi="2" ci="0" mb="0" cb="0"/><line nr="209" mi="2" ci="0" mb="0" cb="0"/><line nr="210" mi="2" ci="0" mb="0" cb="0"/><line nr="211" mi="8" ci="0" mb="0" cb="0"/><line nr="212" mi="25" ci="0" mb="0" cb="0"/><line nr="214" mi="2" ci="0" mb="0" cb="0"/><line nr="215" mi="2" ci="0" mb="0" cb="0"/><line nr="216" mi="2" ci="0" mb="0" cb="0"/><line nr="217" mi="8" ci="0" mb="0" cb="0"/><line nr="218" mi="25" ci="0" mb="0" cb="0"/><line nr="220" mi="2" ci="0" mb="0" cb="0"/><line nr="221" mi="2" ci="0" mb="0" cb="0"/><line nr="222" mi="2" ci="0" mb="0" cb="0"/><line nr="223" mi="8" ci="0" mb="0" cb="0"/><line nr="224" mi="25" ci="0" mb="0" cb="0"/><line nr="226" mi="3" ci="0" mb="0" cb="0"/><line nr="231" mi="3" ci="0" mb="0" cb="0"/><line nr="235" mi="3" ci="0" mb="0" cb="0"/><line nr="237" mi="15" ci="0" mb="0" cb="0"/><line nr="238" mi="2" ci="0" mb="0" cb="0"/><line nr="239" mi="2" ci="0" mb="0" cb="0"/><line nr="240" mi="2" ci="0" mb="0" cb="0"/><line nr="241" mi="8" ci="0" mb="0" cb="0"/><line nr="242" mi="24" ci="0" mb="0" cb="0"/><line nr="243" mi="2" ci="0" mb="0" cb="0"/><line nr="244" mi="2" ci="0" mb="0" cb="0"/><line nr="245" mi="2" ci="0" mb="0" cb="0"/><line nr="246" mi="8" ci="0" mb="0" cb="0"/><line nr="247" mi="24" ci="0" mb="0" cb="0"/><line nr="249" mi="2" ci="0" mb="0" cb="0"/><line nr="250" mi="2" ci="0" mb="0" cb="0"/><line nr="251" mi="2" ci="0" mb="0" cb="0"/><line nr="252" mi="8" ci="0" mb="0" cb="0"/><line nr="253" mi="25" ci="0" mb="0" cb="0"/><line nr="255" mi="2" ci="0" mb="0" cb="0"/><line nr="256" mi="2" ci="0" mb="0" cb="0"/><line nr="257" mi="2" ci="0" mb="0" cb="0"/><line nr="258" mi="8" ci="0" mb="0" cb="0"/><line nr="259" mi="25" ci="0" mb="0" cb="0"/><line nr="261" mi="2" ci="0" mb="0" cb="0"/><line nr="262" mi="2" ci="0" mb="0" cb="0"/><line nr="263" mi="2" ci="0" mb="0" cb="0"/><line nr="264" mi="8" ci="0" mb="0" cb="0"/><line nr="265" mi="25" ci="0" mb="0" cb="0"/><line nr="267" mi="2" ci="0" mb="0" cb="0"/><line nr="268" mi="2" ci="0" mb="0" cb="0"/><line nr="269" mi="2" ci="0" mb="0" cb="0"/><line nr="270" mi="8" ci="0" mb="0" cb="0"/><line nr="271" mi="25" ci="0" mb="0" cb="0"/><line nr="274" mi="3" ci="0" mb="0" cb="0"/><line nr="276" mi="15" ci="0" mb="0" cb="0"/><line nr="277" mi="2" ci="0" mb="0" cb="0"/><line nr="278" mi="2" ci="0" mb="0" cb="0"/><line nr="279" mi="2" ci="0" mb="0" cb="0"/><line nr="280" mi="8" ci="0" mb="0" cb="0"/><line nr="281" mi="24" ci="0" mb="0" cb="0"/><line nr="282" mi="2" ci="0" mb="0" cb="0"/><line nr="283" mi="2" ci="0" mb="0" cb="0"/><line nr="284" mi="2" ci="0" mb="0" cb="0"/><line nr="285" mi="8" ci="0" mb="0" cb="0"/><line nr="286" mi="25" ci="0" mb="0" cb="0"/><line nr="288" mi="2" ci="0" mb="0" cb="0"/><line nr="289" mi="2" ci="0" mb="0" cb="0"/><line nr="290" mi="2" ci="0" mb="0" cb="0"/><line nr="291" mi="8" ci="0" mb="0" cb="0"/><line nr="292" mi="25" ci="0" mb="0" cb="0"/><line nr="294" mi="2" ci="0" mb="0" cb="0"/><line nr="295" mi="2" ci="0" mb="0" cb="0"/><line nr="296" mi="2" ci="0" mb="0" cb="0"/><line nr="297" mi="8" ci="0" mb="0" cb="0"/><line nr="298" mi="25" ci="0" mb="0" cb="0"/><line nr="300" mi="2" ci="0" mb="0" cb="0"/><line nr="301" mi="2" ci="0" mb="0" cb="0"/><line nr="302" mi="2" ci="0" mb="0" cb="0"/><line nr="303" mi="8" ci="0" mb="0" cb="0"/><line nr="304" mi="25" ci="0" mb="0" cb="0"/><line nr="306" mi="2" ci="0" mb="0" cb="0"/><line nr="307" mi="2" ci="0" mb="0" cb="0"/><line nr="308" mi="2" ci="0" mb="0" cb="0"/><line nr="309" mi="8" ci="0" mb="0" cb="0"/><line nr="310" mi="25" ci="0" mb="0" cb="0"/><line nr="313" mi="3" ci="0" mb="0" cb="0"/><line nr="315" mi="15" ci="0" mb="0" cb="0"/><line nr="316" mi="2" ci="0" mb="0" cb="0"/><line nr="317" mi="2" ci="0" mb="0" cb="0"/><line nr="318" mi="2" ci="0" mb="0" cb="0"/><line nr="319" mi="8" ci="0" mb="0" cb="0"/><line nr="320" mi="24" ci="0" mb="0" cb="0"/><line nr="321" mi="2" ci="0" mb="0" cb="0"/><line nr="322" mi="2" ci="0" mb="0" cb="0"/><line nr="323" mi="2" ci="0" mb="0" cb="0"/><line nr="324" mi="8" ci="0" mb="0" cb="0"/><line nr="325" mi="25" ci="0" mb="0" cb="0"/><line nr="327" mi="2" ci="0" mb="0" cb="0"/><line nr="328" mi="2" ci="0" mb="0" cb="0"/><line nr="329" mi="2" ci="0" mb="0" cb="0"/><line nr="330" mi="8" ci="0" mb="0" cb="0"/><line nr="331" mi="25" ci="0" mb="0" cb="0"/><line nr="333" mi="2" ci="0" mb="0" cb="0"/><line nr="334" mi="2" ci="0" mb="0" cb="0"/><line nr="335" mi="2" ci="0" mb="0" cb="0"/><line nr="336" mi="8" ci="0" mb="0" cb="0"/><line nr="337" mi="25" ci="0" mb="0" cb="0"/><line nr="339" mi="2" ci="0" mb="0" cb="0"/><line nr="340" mi="2" ci="0" mb="0" cb="0"/><line nr="341" mi="2" ci="0" mb="0" cb="0"/><line nr="342" mi="8" ci="0" mb="0" cb="0"/><line nr="343" mi="25" ci="0" mb="0" cb="0"/><line nr="345" mi="2" ci="0" mb="0" cb="0"/><line nr="346" mi="2" ci="0" mb="0" cb="0"/><line nr="347" mi="2" ci="0" mb="0" cb="0"/><line nr="348" mi="8" ci="0" mb="0" cb="0"/><line nr="349" mi="25" ci="0" mb="0" cb="0"/><line nr="353" mi="3" ci="0" mb="0" cb="0"/><line nr="355" mi="15" ci="0" mb="0" cb="0"/><line nr="356" mi="2" ci="0" mb="0" cb="0"/><line nr="357" mi="2" ci="0" mb="0" cb="0"/><line nr="358" mi="2" ci="0" mb="0" cb="0"/><line nr="359" mi="8" ci="0" mb="0" cb="0"/><line nr="360" mi="24" ci="0" mb="0" cb="0"/><line nr="361" mi="2" ci="0" mb="0" cb="0"/><line nr="362" mi="2" ci="0" mb="0" cb="0"/><line nr="363" mi="2" ci="0" mb="0" cb="0"/><line nr="364" mi="8" ci="0" mb="0" cb="0"/><line nr="365" mi="25" ci="0" mb="0" cb="0"/><line nr="367" mi="2" ci="0" mb="0" cb="0"/><line nr="368" mi="2" ci="0" mb="0" cb="0"/><line nr="369" mi="2" ci="0" mb="0" cb="0"/><line nr="370" mi="8" ci="0" mb="0" cb="0"/><line nr="371" mi="25" ci="0" mb="0" cb="0"/><line nr="373" mi="2" ci="0" mb="0" cb="0"/><line nr="374" mi="2" ci="0" mb="0" cb="0"/><line nr="375" mi="2" ci="0" mb="0" cb="0"/><line nr="376" mi="8" ci="0" mb="0" cb="0"/><line nr="377" mi="25" ci="0" mb="0" cb="0"/><line nr="379" mi="2" ci="0" mb="0" cb="0"/><line nr="380" mi="2" ci="0" mb="0" cb="0"/><line nr="381" mi="2" ci="0" mb="0" cb="0"/><line nr="382" mi="8" ci="0" mb="0" cb="0"/><line nr="383" mi="25" ci="0" mb="0" cb="0"/><line nr="385" mi="2" ci="0" mb="0" cb="0"/><line nr="386" mi="2" ci="0" mb="0" cb="0"/><line nr="387" mi="2" ci="0" mb="0" cb="0"/><line nr="388" mi="8" ci="0" mb="0" cb="0"/><line nr="389" mi="25" ci="0" mb="0" cb="0"/><line nr="392" mi="3" ci="0" mb="0" cb="0"/><line nr="394" mi="15" ci="0" mb="0" cb="0"/><line nr="395" mi="2" ci="0" mb="0" cb="0"/><line nr="396" mi="2" ci="0" mb="0" cb="0"/><line nr="397" mi="2" ci="0" mb="0" cb="0"/><line nr="398" mi="8" ci="0" mb="0" cb="0"/><line nr="399" mi="24" ci="0" mb="0" cb="0"/><line nr="400" mi="2" ci="0" mb="0" cb="0"/><line nr="401" mi="2" ci="0" mb="0" cb="0"/><line nr="402" mi="2" ci="0" mb="0" cb="0"/><line nr="403" mi="8" ci="0" mb="0" cb="0"/><line nr="404" mi="25" ci="0" mb="0" cb="0"/><line nr="406" mi="2" ci="0" mb="0" cb="0"/><line nr="407" mi="2" ci="0" mb="0" cb="0"/><line nr="408" mi="2" ci="0" mb="0" cb="0"/><line nr="409" mi="8" ci="0" mb="0" cb="0"/><line nr="410" mi="25" ci="0" mb="0" cb="0"/><line nr="412" mi="2" ci="0" mb="0" cb="0"/><line nr="413" mi="2" ci="0" mb="0" cb="0"/><line nr="414" mi="2" ci="0" mb="0" cb="0"/><line nr="415" mi="8" ci="0" mb="0" cb="0"/><line nr="416" mi="25" ci="0" mb="0" cb="0"/><line nr="418" mi="2" ci="0" mb="0" cb="0"/><line nr="419" mi="2" ci="0" mb="0" cb="0"/><line nr="420" mi="2" ci="0" mb="0" cb="0"/><line nr="421" mi="8" ci="0" mb="0" cb="0"/><line nr="422" mi="25" ci="0" mb="0" cb="0"/><line nr="424" mi="2" ci="0" mb="0" cb="0"/><line nr="425" mi="2" ci="0" mb="0" cb="0"/><line nr="426" mi="2" ci="0" mb="0" cb="0"/><line nr="427" mi="8" ci="0" mb="0" cb="0"/><line nr="428" mi="25" ci="0" mb="0" cb="0"/><line nr="430" mi="3" ci="0" mb="0" cb="0"/><line nr="433" mi="1" ci="0" mb="0" cb="0"/><counter type="INSTRUCTION" missed="2559" covered="0"/><counter type="LINE" missed="339" covered="0"/><counter type="COMPLEXITY" missed="2" covered="0"/><counter type="METHOD" missed="2" covered="0"/><counter type="CLASS" missed="1" covered="0"/></sourcefile><counter type="INSTRUCTION" missed="2559" covered="0"/><counter type="LINE" missed="339" covered="0"/><counter type="COMPLEXITY" missed="2" covered="0"/><counter type="METHOD" missed="2" covered="0"/><counter type="CLASS" missed="1" covered="0"/></package><counter type="INSTRUCTION" missed="2559" covered="0"/><counter type="LINE" missed="339" covered="0"/><counter type="COMPLEXITY" missed="2" covered="0"/><counter type="METHOD" missed="2" covered="0"/><counter type="CLASS" missed="1" covered="0"/></report>