<?xml version="1.0" encoding="UTF-8"?>
<testsuite xmlns:xsi="http://www.w3.org/2001/XMLSchema-instance" xsi:noNamespaceSchemaLocation="https://maven.apache.org/surefire/maven-surefire-plugin/xsd/surefire-test-report-3.0.xsd" version="3.0" name="com.playwrightdemo.apitest.api_get_Test" time="2.036" tests="7" errors="0" skipped="0" failures="0">
  <properties>
[...]
</properties>
  <testcase name="getProjectsRoute" classname="com.playwrightdemo.apitest.api_get_Test" time="0.314">
    <system-out><![CDATA[GET /projects => 200
]]></system-out>
  </testcase>
  <testcase name="getResumeRoute" classname="com.playwrightdemo.apitest.api_get_Test" time="0.35"/>
  <testcase name="getBlogRoute" classname="com.playwrightdemo.apitest.api_get_Test" time="0.204">
    <system-out><![CDATA[GET /blog => 200
]]></system-out>
  </testcase>
  <testcase name="getAboutRoute" classname="com.playwrightdemo.apitest.api_get_Test" time="0.182">
    <system-out><![CDATA[GET /about => 200
]]></system-out>
  </testcase>
  <testcase name="getErrorRoute" classname="com.playwrightdemo.apitest.api_get_Test" time="0.261">
    <system-out><![CDATA[GET /ERROR => 404
]]></system-out>
  </testcase>
  <testcase name="getExperienceRoute" classname="com.playwrightdemo.apitest.api_get_Test" time="0.222">
    <system-out><![CDATA[GET /experience => 200
]]></system-out>
  </testcase>
  <testcase name="getHomeRoute" classname="com.playwrightdemo.apitest.api_get_Test" time="0.207">
    <system-out><![CDATA[GET / => 200
]]></system-out>
  </testcase>
</testsuite>