<?xml version="1.0" encoding="UTF-8"?>
<testsuite xmlns:xsi="http://www.w3.org/2001/XMLSchema-instance" xsi:noNamespaceSchemaLocation="https://maven.apache.org/surefire/maven-surefire-plugin/xsd/surefire-test-report-3.0.xsd" version="3.0" name="com.playwrightdemo.pagestest.pages_unit_Test" time="50.509" tests="15" errors="0" skipped="0" failures="0">
  <properties>
[...]
</properties>
  <testcase name="blog_pageTitleTest" classname="com.playwrightdemo.pagestest.pages_unit_Test" time="2.862">
    <system-err><![CDATA[SLF4J: Failed to load class "org.slf4j.impl.StaticLoggerBinder".
SLF4J: Defaulting to no-operation (NOP) logger implementation
SLF4J: See http://www.slf4j.org/codes.html#StaticLoggerBinder for further details.
]]></system-err>
  </testcase>
  <testcase name="project_PortfolioCardTest" classname="com.playwrightdemo.pagestest.pages_unit_Test" time="2.523"/>
  <testcase name="project_playwrightBlogfolioCardTest" classname="com.playwrightdemo.pagestest.pages_unit_Test" time="2.437"/>
  <testcase name="homePage_test" classname="com.playwrightdemo.pagestest.pages_unit_Test" time="2.775"/>
  <testcase name="homePage_changeLogTest" classname="com.playwrightdemo.pagestest.pages_unit_Test" time="2.656"/>
  <testcase name="experience_pageTitleTest" classname="com.playwrightdemo.pagestest.pages_unit_Test" time="2.321"/>
  <testcase name="project_amazonSelCardTest" classname="com.playwrightdemo.pagestest.pages_unit_Test" time="2.619"/>
  <testcase name="project_snapinstaToolCardTest" classname="com.playwrightdemo.pagestest.pages_unit_Test" time="4.353"/>
  <testcase name="project_titleTest" classname="com.playwrightdemo.pagestest.pages_unit_Test" time="2.463"/>
  <testcase name="aboutMePage_whoamiTest" classname="com.playwrightdemo.pagestest.pages_unit_Test" time="4.744"/>
  <testcase name="project_rtlCardTest" classname="com.playwrightdemo.pagestest.pages_unit_Test" time="2.468"/>
  <testcase name="aboutMePage_titleTest" classname="com.playwrightdemo.pagestest.pages_unit_Test" time="2.844"/>
  <testcase name="project_planetCardTest" classname="com.playwrightdemo.pagestest.pages_unit_Test" time="4.346"/>
  <testcase name="aboutMePage_miscTest" classname="com.playwrightdemo.pagestest.pages_unit_Test" time="4.021"/>
  <testcase name="aboutMePage_journeyTest" classname="com.playwrightdemo.pagestest.pages_unit_Test" time="5.441"/>
</testsuite>